To honour the JVM settings for this build a single-use Daemon process will be forked. For more on this, please refer to https://docs.gradle.org/8.10.2/userguide/gradle_daemon.html#sec:disabling_the_daemon in the Gradle documentation.
Daemon will be stopped at the end of the build
Configuration on demand is an incubating feature.
Warning: SDK processing. This version only understands SDK XML versions up to 3 but an SDK XML file of version 4 was encountered. This can happen if you use versions of Android Studio and the command-line tools that were released at different times.
> Task :app:preBuild UP-TO-DATE
> Task :app:preDebugBuild UP-TO-DATE
> Task :app:checkDebugAarMetadata UP-TO-DATE
> Task :app:generateDebugResValues UP-TO-DATE
> Task :app:mapDebugSourceSetPaths
> Task :app:generateDebugResources
> Task :app:mergeDebugResources
> Task :app:packageDebugResources
> Task :app:createDebugCompatibleScreenManifests UP-TO-DATE
> Task :app:extractDeepLinksDebug UP-TO-DATE
> Task :app:parseDebugLocalResources
> Task :app:processDebugMainManifest UP-TO-DATE
> Task :app:processDebugManifest UP-TO-DATE
> Task :app:processDebugManifestForPackage UP-TO-DATE
> Task :app:javaPreCompileDebug UP-TO-DATE
> Task :app:preDebugAndroidTestBuild SKIPPED
> Task :app:generateDebugAndroidTestResValues FROM-CACHE
> Task :app:extractProguardFiles
> Task :app:preDebugUnitTestBuild UP-TO-DATE
> Task :app:processDebugResources
> Task :app:kspDebugKotlin

> Task :app:compileDebugKotlin
w: file:///app/app/src/main/java/com/example/theloop/ui/theme/Theme.kt:39:20 'setter for statusBarColor: Int' is deprecated. Deprecated in Java

> Task :app:compileDebugJavaWithJavac
> Task :app:hiltAggregateDepsDebug UP-TO-DATE
> Task :app:hiltJavaCompileDebug
> Task :app:bundleDebugClassesToCompileJar

> Task :app:generateDebugLintReportModel
Generating lint files for com.tools.android:desugar_jdk_libs_configuration:2.0.4 (compile API R)

> Task :app:generateDebugAndroidTestLintModel
> Task :app:generateDebugUnitTestLintModel
> Task :app:lintAnalyzeDebugAndroidTest
> Task :app:lintAnalyzeDebugUnitTest
> Task :app:lintAnalyzeDebug

> Task :app:lintReportDebug
Wrote HTML report to file:///app/app/build/reports/lint-results-debug.html

> Task :app:lintDebug FAILED
Lint found 1 errors, 110 warnings. First failure:

/app/app/src/main/AndroidManifest.xml:11: Error: Remove androidx.work.WorkManagerInitializer from your AndroidManifest.xml when using on-demand initialization. [RemoveWorkManagerInitializer from androidx.work]
    <application
    ^

   Explanation for issues of type "RemoveWorkManagerInitializer":
   If an android.app.Application implements
   androidx.work.Configuration.Provider,
   the default androidx.startup.InitializationProvider needs to be removed
   from the
   AndroidManifest.xml file.

   Vendor: Android Open Source Project
   Identifier: androidx.work
   Feedback: https://issuetracker.google.com/issues/new?component=409906


The full lint text report is located at:
  /app/app/build/intermediates/lint_intermediate_text_report/debug/lintReportDebug/lint-results-debug.txt

FAILURE: Build failed with an exception.

* What went wrong:
Execution failed for task ':app:lintDebug'.
> Lint found errors in the project; aborting build.

  Fix the issues identified by lint, or create a baseline to see only new errors.
  To create a baseline, run `gradlew updateLintBaseline` after adding the following to the module's build.gradle file:
  ```
  android {
      lint {
          baseline = file("lint-baseline.xml")
      }
  }
  ```
  For more details, see https://developer.android.com/studio/write/lint#snapshot

  Lint found 1 errors, 110 warnings. First failure:

  /app/app/src/main/AndroidManifest.xml:11: Error: Remove androidx.work.WorkManagerInitializer from your AndroidManifest.xml when using on-demand initialization. [RemoveWorkManagerInitializer from androidx.work]
      <application
      ^

     Explanation for issues of type "RemoveWorkManagerInitializer":
     If an android.app.Application implements
     androidx.work.Configuration.Provider,
     the default androidx.startup.InitializationProvider needs to be removed
     from the
     AndroidManifest.xml file.

     Vendor: Android Open Source Project
     Identifier: androidx.work
     Feedback: https://issuetracker.google.com/issues/new?component=409906


  The full lint text report is located at:
    /app/app/build/intermediates/lint_intermediate_text_report/debug/lintReportDebug/lint-results-debug.txt

* Try:
> Run with --stacktrace option to get the stack trace.
> Run with --info or --debug option to get more log output.
> Run with --scan to get full insights.
> Get more help at https://help.gradle.org.

Deprecated Gradle features were used in this build, making it incompatible with Gradle 9.0.

You can use '--warning-mode all' to show the individual deprecation warnings and determine if they come from your own scripts or plugins.

For more on this, please refer to https://docs.gradle.org/8.10.2/userguide/command_line_interface.html#sec:command_line_warnings in the Gradle documentation.

BUILD FAILED in 2m 31s
30 actionable tasks: 20 executed, 1 from cache, 9 up-to-date
